<?xml version="1.0" encoding="UTF-8"?>
<testng-results ignored="0" total="1" passed="1" failed="0" skipped="0">
  <reporter-output>
  </reporter-output>
  <suite started-at="2025-03-14T14:48:50 IST" name="Default suite" finished-at="2025-03-14T14:48:58 IST" duration-ms="7984">
    <groups>
      <group name="SmokeSuite">
        <method signature="AddProductToCartTest.tc_001_addproductToCart()[pri:0, instance:inventoryTests.AddProductToCartTest@350aac89]" name="tc_001_addproductToCart" class="inventoryTests.AddProductToCartTest"/>
      </group> <!-- SmokeSuite -->
    </groups>
    <test started-at="2025-03-14T14:48:50 IST" name="Default test" finished-at="2025-03-14T14:48:58 IST" duration-ms="7984">
      <class name="inventoryTests.AddProductToCartTest">
        <test-method is-config="true" signature="bsConfig()[pri:0, instance:inventoryTests.AddProductToCartTest@350aac89]" started-at="2025-03-14T14:48:50 IST" name="bsConfig" finished-at="2025-03-14T14:48:50 IST" duration-ms="21" status="PASS">
          <reporter-output>
          </reporter-output>
        </test-method> <!-- bsConfig -->
        <test-method is-config="true" signature="bcConfig()[pri:0, instance:inventoryTests.AddProductToCartTest@350aac89]" started-at="2025-03-14T14:48:50 IST" name="bcConfig" finished-at="2025-03-14T14:48:55 IST" duration-ms="4411" status="PASS">
          <reporter-output>
          </reporter-output>
        </test-method> <!-- bcConfig -->
        <test-method is-config="true" signature="bmConfig()[pri:0, instance:inventoryTests.AddProductToCartTest@350aac89]" started-at="2025-03-14T14:48:55 IST" name="bmConfig" finished-at="2025-03-14T14:48:55 IST" duration-ms="585" status="PASS">
          <reporter-output>
          </reporter-output>
        </test-method> <!-- bmConfig -->
        <test-method signature="tc_001_addproductToCart()[pri:0, instance:inventoryTests.AddProductToCartTest@350aac89]" started-at="2025-03-14T14:48:55 IST" name="tc_001_addproductToCart" finished-at="2025-03-14T14:48:57 IST" duration-ms="1831" status="PASS">
          <reporter-output>
          </reporter-output>
        </test-method> <!-- tc_001_addproductToCart -->
        <test-method is-config="true" signature="amConfig()[pri:0, instance:inventoryTests.AddProductToCartTest@350aac89]" started-at="2025-03-14T14:48:57 IST" name="amConfig" finished-at="2025-03-14T14:48:58 IST" duration-ms="378" status="PASS">
          <reporter-output>
          </reporter-output>
        </test-method> <!-- amConfig -->
        <test-method is-config="true" signature="acConfig()[pri:0, instance:inventoryTests.AddProductToCartTest@350aac89]" started-at="2025-03-14T14:48:58 IST" name="acConfig" finished-at="2025-03-14T14:48:58 IST" duration-ms="431" status="PASS">
          <reporter-output>
          </reporter-output>
        </test-method> <!-- acConfig -->
        <test-method is-config="true" signature="asConfig()[pri:0, instance:inventoryTests.AddProductToCartTest@350aac89]" started-at="2025-03-14T14:48:58 IST" name="asConfig" finished-at="2025-03-14T14:48:58 IST" duration-ms="1" status="PASS">
          <reporter-output>
          </reporter-output>
        </test-method> <!-- asConfig -->
      </class> <!-- inventoryTests.AddProductToCartTest -->
    </test> <!-- Default test -->
  </suite> <!-- Default suite -->
</testng-results>
